#-----------------------------------------------------------
# Webtalk v2014.4 (64-bit)
# SW Build 1071353 on Tue Nov 18 17:18:21 MST 2014
# 
# Start of session at: Fri Apr 24 23:43:30 2015
# Process ID: 6092
# Log file: C:/AVNET_ZED_HDMI/example.hls/example.hls.sdk/webtalk/webtalk.log
# Journal file: C:/AVNET_ZED_HDMI/example.hls/example.hls.sdk/webtalk\webtalk.jou
#-----------------------------------------------------------
WARNING: [Common 17-204] Your XILINX environment variable is undefined. You will not be able to run Synthesis and Implementation using ISE based strategies, or import ngc netlists. Please set up your XILINX environment to get full functionality.
source sdk_webtalk.tcl
# webtalk_init -webtalk_dir C:\\AVNET_ZED_HDMI\\example.hls\\example.hls.sdk\\webtalk
# webtalk_register_client -client project
# webtalk_add_data -client project -key date_generated -value "??? ?? 24 23:43:29 2015" -context "software_version_and_target_device"
# webtalk_add_data -client project -key product_version -value "SDK v2014.4" -context "software_version_and_target_device"
# webtalk_add_data -client project -key build_version -value "2014.4" -context "software_version_and_target_device"
# webtalk_add_data -client project -key os_platform -value "amd64" -context "software_version_and_target_device"
# webtalk_add_data -client project -key registration_id -value "210890940_1777499929_210580192_702" -context "software_version_and_target_device"
# webtalk_add_data -client project -key tool_flow -value "SDK" -context "software_version_and_target_device"
# webtalk_add_data -client project -key beta -value "false" -context "software_version_and_target_device"
# webtalk_add_data -client project -key route_design -value "NA" -context "software_version_and_target_device"
# webtalk_add_data -client project -key target_family -value "NA" -context "software_version_and_target_device"
# webtalk_add_data -client project -key target_device -value "NA" -context "software_version_and_target_device"
# webtalk_add_data -client project -key target_package -value "NA" -context "software_version_and_target_device"
# webtalk_add_data -client project -key target_speed -value "NA" -context "software_version_and_target_device"
# webtalk_add_data -client project -key random_id -value "fmkn70563lkvgj9cdjff4foqlj" -context "software_version_and_target_device"
# webtalk_add_data -client project -key project_id -value "2014.4_44" -context "software_version_and_target_device"
# webtalk_add_data -client project -key project_iteration -value "44" -context "software_version_and_target_device"
# webtalk_add_data -client project -key os_name -value "Microsoft Windows 8 or later , 64-bit" -context "user_environment"
# webtalk_add_data -client project -key os_release -value "major release  (build 9200)" -context "user_environment"
# webtalk_add_data -client project -key cpu_name -value "Intel(R) Core(TM) i7-4712HQ CPU @ 2.30GHz" -context "user_environment"
# webtalk_add_data -client project -key cpu_speed -value "2295 MHz" -context "user_environment"
# webtalk_add_data -client project -key total_processors -value "1" -context "user_environment"
# webtalk_add_data -client project -key system_ram -value "17.000 GB" -context "user_environment"
# webtalk_register_client -client sdk
# webtalk_add_data -client sdk -key uid -value "1429889712487" -context "sdk\\\\hardware/1429889712487"
# webtalk_add_data -client sdk -key isZynq -value "true" -context "sdk\\\\hardware/1429889712487"
# webtalk_add_data -client sdk -key Processors -value "2" -context "sdk\\\\hardware/1429889712487"
# webtalk_add_data -client sdk -key VivadoVersion -value "2014.4.1" -context "sdk\\\\hardware/1429889712487"
# webtalk_add_data -client sdk -key Arch -value "zynq" -context "sdk\\\\hardware/1429889712487"
# webtalk_add_data -client sdk -key Device -value "7z020" -context "sdk\\\\hardware/1429889712487"
# webtalk_add_data -client sdk -key IsHandoff -value "true" -context "sdk\\\\hardware/1429889712487"
# webtalk_add_data -client sdk -key uid -value "1429889816810" -context "sdk\\\\bsp/1429889816810"
# webtalk_add_data -client sdk -key hwid -value "1429889712487" -context "sdk\\\\bsp/1429889816810"
# webtalk_add_data -client sdk -key os -value "standalone" -context "sdk\\\\bsp/1429889816810"
# webtalk_add_data -client sdk -key apptemplate -value "null" -context "sdk\\\\bsp/1429889816810"
# webtalk_transmit -clientid 1319662037 -regid "210890940_1777499929_210580192_702" -xml C:\\AVNET_ZED_HDMI\\example.hls\\example.hls.sdk\\webtalk\\usage_statistics_ext_sdk.xml -html C:\\AVNET_ZED_HDMI\\example.hls\\example.hls.sdk\\webtalk\\usage_statistics_ext_sdk.html -wdm C:\\AVNET_ZED_HDMI\\example.hls\\example.hls.sdk\\webtalk\\sdk_webtalk.wdm -intro "<H3>SDK Usage Report</H3><BR>"

    while executing
"webtalk_transmit -clientid 1319662037 -regid "210890940_1777499929_210580192_702" -xml C:\\AVNET_ZED_HDMI\\example.hls\\example.hls.sdk\\webtalk\\usag..."
    (file "sdk_webtalk.tcl" line 36)
INFO: [Common 17-206] Exiting Webtalk at Fri Apr 24 23:43:34 2015...
